#
# There is insufficient memory for the Java Runtime Environment to continue.
# Native memory allocation (mmap) failed to map 4294967296 bytes for committing reserved memory.
# Possible reasons:
#   The system is out of physical RAM or swap space
#   The process is running with CompressedOops enabled, and the Java Heap may be blocking the growth of the native heap
# Possible solutions:
#   Reduce memory load on the system
#   Increase physical memory or swap space
#   Check if swap backing store is full
#   Decrease Java heap size (-Xmx/-Xms)
#   Decrease number of Java threads
#   Decrease Java thread stack sizes (-Xss)
#   Set larger code cache with -XX:ReservedCodeCacheSize=
#   JVM is running with Zero Based Compressed Oops mode in which the Java heap is
#     placed in the first 32GB address space. The Java Heap base address is the
#     maximum limit for the native heap growth. Please use -XX:HeapBaseMinAddress
#     to set the Java Heap base and to place the Java Heap above 32GB virtual address.
# This output file may be truncated or incomplete.
#
#  Out of Memory Error (os_linux.cpp:2828), pid=25162, tid=25163
#
# JRE version:  (17.0.9+9) (build )
# Java VM: OpenJDK 64-Bit Server VM (17.0.9+9-Ubuntu-120.04, mixed mode, sharing, tiered, compressed oops, compressed class ptrs, g1 gc, linux-amd64)
# Core dump will be written. Default location: Core dumps may be processed with "/usr/share/apport/apport -p%p -s%s -c%c -d%d -P%P -u%u -g%g -- %E" (or dumping to /home/azureuser/minecraft/core.25162)
#

---------------  S U M M A R Y ------------

Command Line: -Xms4G -Xmx4G --module-path=libraries/cpw/mods/bootstraplauncher/1.1.2/bootstraplauncher-1.1.2.jar:libraries/cpw/mods/securejarhandler/2.1.4/securejarhandler-2.1.4.jar:libraries/org/ow2/asm/asm-commons/9.5/asm-commons-9.5.jar:libraries/org/ow2/asm/asm-util/9.5/asm-util-9.5.jar:libraries/org/ow2/asm/asm-analysis/9.5/asm-analysis-9.5.jar:libraries/org/ow2/asm/asm-tree/9.5/asm-tree-9.5.jar:libraries/org/ow2/asm/asm/9.5/asm-9.5.jar:libraries/net/minecraftforge/JarJarFileSystems/0.3.16/JarJarFileSystems-0.3.16.jar --add-modules=ALL-MODULE-PATH --add-opens=java.base/java.util.jar=cpw.mods.securejarhandler --add-opens=java.base/java.lang.invoke=cpw.mods.securejarhandler --add-exports=java.base/sun.security.util=cpw.mods.securejarhandler --add-exports=jdk.naming.dns/com.sun.jndi.dns=java.naming -Djava.net.preferIPv6Addresses=system -DignoreList=bootstraplauncher-1.1.2.jar,securejarhandler-2.1.4.jar,asm-commons-9.5.jar,asm-util-9.5.jar,asm-analysis-9.5.jar,asm-tree-9.5.jar,asm-9.5.jar,JarJarFileSystems-0.3.16.jar -DlibraryDirectory=libraries -DlegacyClassPath=libraries/cpw/mods/securejarhandler/2.1.4/securejarhandler-2.1.4.jar:libraries/org/ow2/asm/asm/9.5/asm-9.5.jar:libraries/org/ow2/asm/asm-commons/9.5/asm-commons-9.5.jar:libraries/org/ow2/asm/asm-tree/9.5/asm-tree-9.5.jar:libraries/org/ow2/asm/asm-util/9.5/asm-util-9.5.jar:libraries/org/ow2/asm/asm-analysis/9.5/asm-analysis-9.5.jar:libraries/net/minecraftforge/accesstransformers/8.0.4/accesstransformers-8.0.4.jar:libraries/org/antlr/antlr4-runtime/4.9.1/antlr4-runtime-4.9.1.jar:libraries/net/minecraftforge/eventbus/6.0.3/eventbus-6.0.3.jar:libraries/net/minecraftforge/forgespi/6.0.0/forgespi-6.0.0.jar:libraries/net/minecraftforge/coremods/5.0.1/coremods-5.0.1.jar:libraries/cpw/mods/modlauncher/10.0.8/modlauncher-10.0.8.jar:libraries/net/minecraftforge/unsafe/0.2.0/unsafe-0.2.0.jar:libraries/com/electronwill/night-config/core/3.6.4/core-3.6.4.jar:libraries/com/electronwill/night-config/toml/3.6.4/toml-3.6.4.jar:libraries/org/apache/maven/maven-artifact/3.8.5/maven-artifact-3.8.5.jar:libraries/net/jodah/typetools/0.8.3/typetools-0.8.3.jar:libraries/net/minecrell/terminalconsoleappender/1.2.0/terminalconsoleappender-1.2.0.jar:libraries/org/jline/jline-reader/3.12.1/jline-reader-3.12.1.jar:libraries/org/jline/jline-terminal/3.12.1/jline-terminal-3.12.1.jar:libraries/org/spongepowered/mixin/0.8.5/mixin-0.8.5.jar:libraries/org/openjdk/nashorn/nashorn-core/15.3/nashorn-core-15.3.jar:libraries/net/minecraftforge/JarJarSelector/0.3.16/JarJarSelector-0.3.16.jar:libraries/net/minecraftforge/JarJarMetadata/0.3.16/JarJarMetadata-0.3.16.jar:libraries/net/minecraftforge/fmlloader/1.19.2-43.3.0/fmlloader-1.19.2-43.3.0.jar:libraries/net/minecraft/server/1.19.2-20220805.130853/server-1.19.2-20220805.130853-extra.jar:libraries/com/github/oshi/oshi-core/5.8.5/oshi-core-5.8.5.jar:libraries/com/google/code/gson/gson/2.8.9/gson-2.8.9.jar:libraries/com/google/guava/failureaccess/1.0.1/failureaccess-1.0.1.jar:libraries/com/google/guava/guava/31.0.1-jre/guava-31.0.1-jre.jarcpw.mods.bootstraplauncher.BootstrapLauncher --launchTarget forgeserver --fml.forgeVersion 43.3.0 --fml.mcVersion 1.19.2 --fml.forgeGroup net.minecraftforge --fml.mcpVersion 20220805.130853

Host: Intel(R) Xeon(R) CPU E5-2673 v4 @ 2.30GHz, 2 cores, 3G, Ubuntu 20.04.6 LTS
Time: Mon Feb 19 02:44:33 2024 UTC elapsed time: 0.074285 seconds (0d 0h 0m 0s)

---------------  T H R E A D  ---------------

Current thread (0x00007fa40c0169a0):  JavaThread "Unknown thread" [_thread_in_vm, id=25163, stack(0x00007fa4107e8000,0x00007fa4108e9000)]

Stack: [0x00007fa4107e8000,0x00007fa4108e9000],  sp=0x00007fa4108e7470,  free space=1021k
Native frames: (J=compiled Java code, j=interpreted, Vv=VM code, C=native code)
V  [libjvm.so+0xf3a5b5]  VMError::report_and_die(int, char const*, char const*, __va_list_tag*, Thread*, unsigned char*, void*, void*, char const*, int, unsigned long)+0x175
V  [libjvm.so+0xf3b261]  VMError::report_and_die(Thread*, char const*, int, unsigned long, VMErrorType, char const*, __va_list_tag*)+0x31
V  [libjvm.so+0x61d6b0]  report_vm_out_of_memory(char const*, int, unsigned long, VMErrorType, char const*, ...)+0xe0
V  [libjvm.so+0xc3b350]  os::pd_commit_memory_or_exit(char*, unsigned long, unsigned long, bool, char const*)+0xe0
V  [libjvm.so+0xc349a1]  os::commit_memory_or_exit(char*, unsigned long, unsigned long, bool, char const*)+0x21
V  [libjvm.so+0x75085e]  G1PageBasedVirtualSpace::commit(unsigned long, unsigned long)+0x18e
V  [libjvm.so+0x764eb1]  G1RegionsLargerThanCommitSizeMapper::commit_regions(unsigned int, unsigned long, WorkGang*)+0x1a1
V  [libjvm.so+0x7f789c]  HeapRegionManager::commit_regions(unsigned int, unsigned long, WorkGang*)+0x5c
V  [libjvm.so+0x7f88e9]  HeapRegionManager::expand(unsigned int, unsigned int, WorkGang*)+0x39
V  [libjvm.so+0x7f8b02]  HeapRegionManager::expand_by(unsigned int, WorkGang*)+0x72
V  [libjvm.so+0x707e16]  G1CollectedHeap::expand(unsigned long, WorkGang*, double*)+0xf6
V  [libjvm.so+0x7085c7]  G1CollectedHeap::initialize()+0x727
V  [libjvm.so+0xee7386]  universe_init()+0xd6
V  [libjvm.so+0x81840b]  init_globals()+0x3b
V  [libjvm.so+0xebc963]  Threads::create_vm(JavaVMInitArgs*, bool*)+0x313
V  [libjvm.so+0x8e4495]  JNI_CreateJavaVM+0x55
C  [libjli.so+0x3de1]  JavaMain+0xa1
C  [libjli.so+0x831d]  ThreadJavaMain+0xd


---------------  P R O C E S S  ---------------

Threads class SMR info:
_java_thread_list=0x00007fa411fbf840, length=0, elements={
}

Java Threads: ( => current thread )

Other Threads:
  0x00007fa40c0422a0 GCTaskThread "GC Thread#0" [stack: 0x00007fa410235000,0x00007fa410335000] [id=25164]
  0x00007fa40c053880 ConcurrentGCThread "G1 Main Marker" [stack: 0x00007fa410134000,0x00007fa410234000] [id=25165]
  0x00007fa40c0547f0 ConcurrentGCThread "G1 Conc#0" [stack: 0x00007fa410033000,0x00007fa410133000] [id=25166]

[error occurred during error reporting (printing all threads), id 0xb, SIGSEGV (0xb) at pc=0x00007fa41135f064]

VM state: not at safepoint (not fully initialized)

VM Mutex/Monitor currently owned by a thread:  ([mutex/lock_event])
[0x00007fa40c013d40] Heap_lock - owner thread: 0x00007fa40c0169a0

Heap address: 0x0000000700000000, size: 4096 MB, Compressed Oops mode: Zero based, Oop shift amount: 3

CDS archive(s) mapped at: [0x0000000000000000-0x0000000000000000-0x0000000000000000), size 0, SharedBaseAddress: 0x0000000800000000, ArchiveRelocationMode: 1.
Narrow klass base: 0x0000000000000000, Narrow klass shift: 0, Narrow klass range: 0x0

GC Precious Log:
<Empty>

Heap:
 garbage-first heap   total 0K, used 0K [0x0000000700000000, 0x0000000800000000)
  region size 2048K, 0 young (0K), 0 survivors (0K)

[error occurred during error reporting (printing heap information), id 0xb, SIGSEGV (0xb) at pc=0x00007fa4119225de]

GC Heap History (0 events):
No events

Dll operation events (1 events):
Event: 0.002 Loaded shared library /usr/lib/jvm/java-17-openjdk-amd64/lib/libjava.so

Deoptimization events (0 events):
No events

Classes unloaded (0 events):
No events

Classes redefined (0 events):
No events

Internal exceptions (0 events):
No events

VM Operations (0 events):
No events

Events (1 events):
Event: 0.002 Protecting memory [0x00007fa4107e8000,0x00007fa4107ec000] with protection modes 0


Dynamic libraries:
5641017af000-5641017b0000 r--p 00000000 08:01 272369                     /usr/lib/jvm/java-17-openjdk-amd64/bin/java
5641017b0000-5641017b1000 r-xp 00001000 08:01 272369                     /usr/lib/jvm/java-17-openjdk-amd64/bin/java
5641017b1000-5641017b2000 r--p 00002000 08:01 272369                     /usr/lib/jvm/java-17-openjdk-amd64/bin/java
5641017b2000-5641017b3000 r--p 00002000 08:01 272369                     /usr/lib/jvm/java-17-openjdk-amd64/bin/java
5641017b3000-5641017b4000 rw-p 00003000 08:01 272369                     /usr/lib/jvm/java-17-openjdk-amd64/bin/java
564102ed4000-564102f1c000 rw-p 00000000 00:00 0                          [heap]
7fa3dc000000-7fa3dc021000 rw-p 00000000 00:00 0 
7fa3dc021000-7fa3e0000000 ---p 00000000 00:00 0 
7fa3e0000000-7fa3e0021000 rw-p 00000000 00:00 0 
7fa3e0021000-7fa3e4000000 ---p 00000000 00:00 0 
7fa3e4000000-7fa3e4021000 rw-p 00000000 00:00 0 
7fa3e4021000-7fa3e8000000 ---p 00000000 00:00 0 
7fa3e97ae000-7fa3ebd98000 rw-p 00000000 00:00 0 
7fa3ebd98000-7fa3f5598000 ---p 00000000 00:00 0 
7fa3f5598000-7fa3f5808000 rwxp 00000000 00:00 0 
7fa3f5808000-7fa3fcad0000 ---p 00000000 00:00 0 
7fa3fcad0000-7fa3fcd40000 rwxp 00000000 00:00 0 
7fa3fcd40000-7fa3fd05f000 ---p 00000000 00:00 0 
7fa3fd05f000-7fa3fd2cf000 rwxp 00000000 00:00 0 
7fa3fd2cf000-7fa404598000 ---p 00000000 00:00 0 
7fa404598000-7fa40c000000 r--s 00000000 08:01 272518                     /usr/lib/jvm/java-17-openjdk-amd64/lib/modules
7fa40c000000-7fa40c06a000 rw-p 00000000 00:00 0 
7fa40c06a000-7fa410000000 ---p 00000000 00:00 0 
7fa410032000-7fa410033000 ---p 00000000 00:00 0 
7fa410033000-7fa410133000 rw-p 00000000 00:00 0 
7fa410133000-7fa410134000 ---p 00000000 00:00 0 
7fa410134000-7fa410234000 rw-p 00000000 00:00 0 
7fa410234000-7fa410235000 ---p 00000000 00:00 0 
7fa410235000-7fa4105c3000 rw-p 00000000 00:00 0 
7fa4105c3000-7fa4106a9000 ---p 00000000 00:00 0 
7fa4106a9000-7fa4106ae000 rw-p 00000000 00:00 0 
7fa4106ae000-7fa410794000 ---p 00000000 00:00 0 
7fa410794000-7fa410799000 rw-p 00000000 00:00 0 
7fa410799000-7fa4107a0000 ---p 00000000 00:00 0 
7fa4107a0000-7fa4107ac000 r--p 00000000 08:01 272496                     /usr/lib/jvm/java-17-openjdk-amd64/lib/libjava.so
7fa4107ac000-7fa4107bf000 r-xp 0000c000 08:01 272496                     /usr/lib/jvm/java-17-openjdk-amd64/lib/libjava.so
7fa4107bf000-7fa4107c5000 r--p 0001f000 08:01 272496                     /usr/lib/jvm/java-17-openjdk-amd64/lib/libjava.so
7fa4107c5000-7fa4107c6000 ---p 00025000 08:01 272496                     /usr/lib/jvm/java-17-openjdk-amd64/lib/libjava.so
7fa4107c6000-7fa4107c7000 r--p 00025000 08:01 272496                     /usr/lib/jvm/java-17-openjdk-amd64/lib/libjava.so
7fa4107c7000-7fa4107c8000 rw-p 00026000 08:01 272496                     /usr/lib/jvm/java-17-openjdk-amd64/lib/libjava.so
7fa4107c8000-7fa4107c9000 rw-p 00000000 00:00 0 
7fa4107c9000-7fa4107cc000 r--p 00000000 08:01 4765                       /usr/lib/x86_64-linux-gnu/libnss_files-2.31.so
7fa4107cc000-7fa4107d3000 r-xp 00003000 08:01 4765                       /usr/lib/x86_64-linux-gnu/libnss_files-2.31.so
7fa4107d3000-7fa4107d5000 r--p 0000a000 08:01 4765                       /usr/lib/x86_64-linux-gnu/libnss_files-2.31.so
7fa4107d5000-7fa4107d6000 r--p 0000b000 08:01 4765                       /usr/lib/x86_64-linux-gnu/libnss_files-2.31.so
7fa4107d6000-7fa4107d7000 rw-p 0000c000 08:01 4765                       /usr/lib/x86_64-linux-gnu/libnss_files-2.31.so
7fa4107d7000-7fa4107dd000 rw-p 00000000 00:00 0 
7fa4107de000-7fa4107e6000 rw-s 00000000 08:01 517005                     /tmp/hsperfdata_azureuser/25162
7fa4107e6000-7fa4107e7000 ---p 00000000 00:00 0 
7fa4107e7000-7fa4107e8000 r--p 00000000 00:00 0 
7fa4107e8000-7fa4107ec000 ---p 00000000 00:00 0 
7fa4107ec000-7fa4108e9000 rw-p 00000000 00:00 0 
7fa4108e9000-7fa4108ec000 r--p 00000000 08:01 4756                       /usr/lib/x86_64-linux-gnu/libgcc_s.so.1
7fa4108ec000-7fa4108fe000 r-xp 00003000 08:01 4756                       /usr/lib/x86_64-linux-gnu/libgcc_s.so.1
7fa4108fe000-7fa410902000 r--p 00015000 08:01 4756                       /usr/lib/x86_64-linux-gnu/libgcc_s.so.1
7fa410902000-7fa410903000 r--p 00018000 08:01 4756                       /usr/lib/x86_64-linux-gnu/libgcc_s.so.1
7fa410903000-7fa410904000 rw-p 00019000 08:01 4756                       /usr/lib/x86_64-linux-gnu/libgcc_s.so.1
7fa410904000-7fa410911000 r--p 00000000 08:01 4759                       /usr/lib/x86_64-linux-gnu/libm-2.31.so
7fa410911000-7fa4109b8000 r-xp 0000d000 08:01 4759                       /usr/lib/x86_64-linux-gnu/libm-2.31.so
7fa4109b8000-7fa410a51000 r--p 000b4000 08:01 4759                       /usr/lib/x86_64-linux-gnu/libm-2.31.so
7fa410a51000-7fa410a52000 r--p 0014c000 08:01 4759                       /usr/lib/x86_64-linux-gnu/libm-2.31.so
7fa410a52000-7fa410a53000 rw-p 0014d000 08:01 4759                       /usr/lib/x86_64-linux-gnu/libm-2.31.so
7fa410a53000-7fa410ae9000 r--p 00000000 08:01 4755                       /usr/lib/x86_64-linux-gnu/libstdc++.so.6.0.28
7fa410ae9000-7fa410bda000 r-xp 00096000 08:01 4755                       /usr/lib/x86_64-linux-gnu/libstdc++.so.6.0.28
7fa410bda000-7fa410c23000 r--p 00187000 08:01 4755                       /usr/lib/x86_64-linux-gnu/libstdc++.so.6.0.28
7fa410c23000-7fa410c24000 ---p 001d0000 08:01 4755                       /usr/lib/x86_64-linux-gnu/libstdc++.so.6.0.28
7fa410c24000-7fa410c2f000 r--p 001d0000 08:01 4755                       /usr/lib/x86_64-linux-gnu/libstdc++.so.6.0.28
7fa410c2f000-7fa410c32000 rw-p 001db000 08:01 4755                       /usr/lib/x86_64-linux-gnu/libstdc++.so.6.0.28
7fa410c32000-7fa410c35000 rw-p 00000000 00:00 0 
7fa410c35000-7fa410c37000 r--p 00000000 08:01 4772                       /usr/lib/x86_64-linux-gnu/librt-2.31.so
7fa410c37000-7fa410c3b000 r-xp 00002000 08:01 4772                       /usr/lib/x86_64-linux-gnu/librt-2.31.so
7fa410c3b000-7fa410c3d000 r--p 00006000 08:01 4772                       /usr/lib/x86_64-linux-gnu/librt-2.31.so
7fa410c3d000-7fa410c3e000 r--p 00007000 08:01 4772                       /usr/lib/x86_64-linux-gnu/librt-2.31.so
7fa410c3e000-7fa410c3f000 rw-p 00008000 08:01 4772                       /usr/lib/x86_64-linux-gnu/librt-2.31.so
7fa410c3f000-7fa410e90000 r--p 00000000 08:01 272524                     /usr/lib/jvm/java-17-openjdk-amd64/lib/server/libjvm.so
7fa410e90000-7fa411bfc000 r-xp 00251000 08:01 272524                     /usr/lib/jvm/java-17-openjdk-amd64/lib/server/libjvm.so
7fa411bfc000-7fa411e82000 r--p 00fbd000 08:01 272524                     /usr/lib/jvm/java-17-openjdk-amd64/lib/server/libjvm.so
7fa411e82000-7fa411e83000 ---p 01243000 08:01 272524                     /usr/lib/jvm/java-17-openjdk-amd64/lib/server/libjvm.so
7fa411e83000-7fa411f3b000 r--p 01243000 08:01 272524                     /usr/lib/jvm/java-17-openjdk-amd64/lib/server/libjvm.so
7fa411f3b000-7fa411f70000 rw-p 012fb000 08:01 272524                     /usr/lib/jvm/java-17-openjdk-amd64/lib/server/libjvm.so
7fa411f70000-7fa411fcc000 rw-p 00000000 00:00 0 
7fa411fcc000-7fa411fee000 r--p 00000000 08:01 4754                       /usr/lib/x86_64-linux-gnu/libc-2.31.so
7fa411fee000-7fa412166000 r-xp 00022000 08:01 4754                       /usr/lib/x86_64-linux-gnu/libc-2.31.so
7fa412166000-7fa4121b4000 r--p 0019a000 08:01 4754                       /usr/lib/x86_64-linux-gnu/libc-2.31.so
7fa4121b4000-7fa4121b8000 r--p 001e7000 08:01 4754                       /usr/lib/x86_64-linux-gnu/libc-2.31.so
7fa4121b8000-7fa4121ba000 rw-p 001eb000 08:01 4754                       /usr/lib/x86_64-linux-gnu/libc-2.31.so
7fa4121ba000-7fa4121be000 rw-p 00000000 00:00 0 
7fa4121be000-7fa4121bf000 r--p 00000000 08:01 4758                       /usr/lib/x86_64-linux-gnu/libdl-2.31.so
7fa4121bf000-7fa4121c1000 r-xp 00001000 08:01 4758                       /usr/lib/x86_64-linux-gnu/libdl-2.31.so
7fa4121c1000-7fa4121c2000 r--p 00003000 08:01 4758                       /usr/lib/x86_64-linux-gnu/libdl-2.31.so
7fa4121c2000-7fa4121c3000 r--p 00003000 08:01 4758                       /usr/lib/x86_64-linux-gnu/libdl-2.31.so
7fa4121c3000-7fa4121c4000 rw-p 00004000 08:01 4758                       /usr/lib/x86_64-linux-gnu/libdl-2.31.so
7fa4121c4000-7fa4121ca000 r--p 00000000 08:01 4770                       /usr/lib/x86_64-linux-gnu/libpthread-2.31.so
7fa4121ca000-7fa4121db000 r-xp 00006000 08:01 4770                       /usr/lib/x86_64-linux-gnu/libpthread-2.31.so
7fa4121db000-7fa4121e1000 r--p 00017000 08:01 4770                       /usr/lib/x86_64-linux-gnu/libpthread-2.31.so
7fa4121e1000-7fa4121e2000 r--p 0001c000 08:01 4770                       /usr/lib/x86_64-linux-gnu/libpthread-2.31.so
7fa4121e2000-7fa4121e3000 rw-p 0001d000 08:01 4770                       /usr/lib/x86_64-linux-gnu/libpthread-2.31.so
7fa4121e3000-7fa4121e7000 rw-p 00000000 00:00 0 
7fa4121e7000-7fa4121e9000 r--p 00000000 08:01 272500                     /usr/lib/jvm/java-17-openjdk-amd64/lib/libjli.so
7fa4121e9000-7fa4121f3000 r-xp 00002000 08:01 272500                     /usr/lib/jvm/java-17-openjdk-amd64/lib/libjli.so
7fa4121f3000-7fa4121f6000 r--p 0000c000 08:01 272500                     /usr/lib/jvm/java-17-openjdk-amd64/lib/libjli.so
7fa4121f6000-7fa4121f7000 ---p 0000f000 08:01 272500                     /usr/lib/jvm/java-17-openjdk-amd64/lib/libjli.so
7fa4121f7000-7fa4121f8000 r--p 0000f000 08:01 272500                     /usr/lib/jvm/java-17-openjdk-amd64/lib/libjli.so
7fa4121f8000-7fa4121f9000 rw-p 00010000 08:01 272500                     /usr/lib/jvm/java-17-openjdk-amd64/lib/libjli.so
7fa4121f9000-7fa4121fb000 r--p 00000000 08:01 3842                       /usr/lib/x86_64-linux-gnu/libz.so.1.2.11
7fa4121fb000-7fa41220c000 r-xp 00002000 08:01 3842                       /usr/lib/x86_64-linux-gnu/libz.so.1.2.11
7fa41220c000-7fa412212000 r--p 00013000 08:01 3842                       /usr/lib/x86_64-linux-gnu/libz.so.1.2.11
7fa412212000-7fa412213000 ---p 00019000 08:01 3842                       /usr/lib/x86_64-linux-gnu/libz.so.1.2.11
7fa412213000-7fa412214000 r--p 00019000 08:01 3842                       /usr/lib/x86_64-linux-gnu/libz.so.1.2.11
7fa412214000-7fa412215000 rw-p 0001a000 08:01 3842                       /usr/lib/x86_64-linux-gnu/libz.so.1.2.11
7fa412215000-7fa412217000 rw-p 00000000 00:00 0 
7fa412217000-7fa412219000 r--p 00000000 08:01 272499                     /usr/lib/jvm/java-17-openjdk-amd64/lib/libjimage.so
7fa412219000-7fa41221c000 r-xp 00002000 08:01 272499                     /usr/lib/jvm/java-17-openjdk-amd64/lib/libjimage.so
7fa41221c000-7fa41221d000 r--p 00005000 08:01 272499                     /usr/lib/jvm/java-17-openjdk-amd64/lib/libjimage.so
7fa41221d000-7fa41221e000 ---p 00006000 08:01 272499                     /usr/lib/jvm/java-17-openjdk-amd64/lib/libjimage.so
7fa41221e000-7fa41221f000 r--p 00006000 08:01 272499                     /usr/lib/jvm/java-17-openjdk-amd64/lib/libjimage.so
7fa41221f000-7fa412220000 rw-p 00007000 08:01 272499                     /usr/lib/jvm/java-17-openjdk-amd64/lib/libjimage.so
7fa412220000-7fa412221000 r--p 00000000 08:01 4738                       /usr/lib/x86_64-linux-gnu/ld-2.31.so
7fa412221000-7fa412244000 r-xp 00001000 08:01 4738                       /usr/lib/x86_64-linux-gnu/ld-2.31.so
7fa412244000-7fa41224c000 r--p 00024000 08:01 4738                       /usr/lib/x86_64-linux-gnu/ld-2.31.so
7fa41224c000-7fa41224d000 ---p 00000000 00:00 0 
7fa41224d000-7fa41224e000 r--p 0002c000 08:01 4738                       /usr/lib/x86_64-linux-gnu/ld-2.31.so
7fa41224e000-7fa41224f000 rw-p 0002d000 08:01 4738                       /usr/lib/x86_64-linux-gnu/ld-2.31.so
7fa41224f000-7fa412250000 rw-p 00000000 00:00 0 
7ffd278b1000-7ffd278d2000 rw-p 00000000 00:00 0                          [stack]
7ffd279fa000-7ffd279fe000 r--p 00000000 00:00 0                          [vvar]
7ffd279fe000-7ffd27a00000 r-xp 00000000 00:00 0                          [vdso]
ffffffffff600000-ffffffffff601000 --xp 00000000 00:00 0                  [vsyscall]


VM Arguments:
jvm_args: -Xms4G -Xmx4G --module-path=libraries/cpw/mods/bootstraplauncher/1.1.2/bootstraplauncher-1.1.2.jar:libraries/cpw/mods/securejarhandler/2.1.4/securejarhandler-2.1.4.jar:libraries/org/ow2/asm/asm-commons/9.5/asm-commons-9.5.jar:libraries/org/ow2/asm/asm-util/9.5/asm-util-9.5.jar:libraries/org/ow2/asm/asm-analysis/9.5/asm-analysis-9.5.jar:libraries/org/ow2/asm/asm-tree/9.5/asm-tree-9.5.jar:libraries/org/ow2/asm/asm/9.5/asm-9.5.jar:libraries/net/minecraftforge/JarJarFileSystems/0.3.16/JarJarFileSystems-0.3.16.jar --add-modules=ALL-MODULE-PATH --add-opens=java.base/java.util.jar=cpw.mods.securejarhandler --add-opens=java.base/java.lang.invoke=cpw.mods.securejarhandler --add-exports=java.base/sun.security.util=cpw.mods.securejarhandler --add-exports=jdk.naming.dns/com.sun.jndi.dns=java.naming -Djava.net.preferIPv6Addresses=system -DignoreList=bootstraplauncher-1.1.2.jar,securejarhandler-2.1.4.jar,asm-commons-9.5.jar,asm-util-9.5.jar,asm-analysis-9.5.jar,asm-tree-9.5.jar,asm-9.5.jar,JarJarFileSystems-0.3.16.jar -DlibraryDirectory=libraries -DlegacyClassPath=libraries/cpw/mods/securejarhandler/2.1.4/securejarhandler-2.1.4.jar:libraries/org/ow2/asm/asm/9.5/asm-9.5.jar:libraries/org/ow2/asm/asm-commons/9.5/asm-commons-9.5.jar:libraries/org/ow2/asm/asm-tree/9.5/asm-tree-9.5.jar:libraries/org/ow2/asm/asm-util/9.5/asm-util-9.5.jar:libraries/org/ow2/asm/asm-analysis/9.5/asm-analysis-9.5.jar:libraries/net/minecraftforge/accesstransformers/8.0.4/accesstransformers-8.0.4.jar:libraries/org/antlr/antlr4-runtime/4.9.1/antlr4-runtime-4.9.1.jar:libraries/net/minecraftforge/eventbus/6.0.3/eventbus-6.0.3.jar:libraries/net/minecraftforge/forgespi/6.0.0/forgespi-6.0.0.jar:libraries/net/minecraftforge/coremods/5.0.1/coremods-5.0.1.jar:libraries/cpw/mods/modlauncher/10.0.8/modlauncher-10.0.8.jar:libraries/net/minecraftforge/unsafe/0.2.0/unsafe-0.2.0.jar:libraries/com/electronwill/night-config/core/3.6.4/core-3.6.4.jar:libraries/com/electronwill/night-config/toml/3.6.4/toml-3.6.4.jar:libraries/org/apache/maven/maven-artifact/3.8.5/maven-artifact-3.8.5.jar:libraries/net/jodah/typetools/0.8.3/typetools-0.8.3.jar:libraries/net/minecrell/terminalconsoleappender/1.2.0/terminalconsoleappender-1.2.0.jar:libraries/org/jline/jline-reader/3.12.1/jline-reader-3.12.1.jar:libraries/org/jline/jline-terminal/3.12.1/jline-terminal-3.12.1.jar:libraries/org/spongepowered/mixin/0.8.5/mixin-0.8.5.jar:libraries/org/openjdk/nashorn/nashorn-core/15.3/nashorn-core-15.3.jar:libraries/net/minecraftforge/JarJarSelector/0.3.16/JarJarSelector-0.3.16.jar:libraries/net/minecraftforge/JarJarMetadata/0.3.16/JarJarMetadata-0.3.16.jar:libraries/net/minecraftforge/fmlloader/1.19.2-43.3.0/fmlloader-1.19.2-43.3.0.jar:libraries/net/minecraft/server/1.19.2-20220805.130853/server-1.19.2-20220805.130853-extra.jar:libraries/com/github/oshi/oshi-core/5.8.5/oshi-core-5.8.5.jar:libraries/com/google/code/gson/gson/2.8.9/gson-2.8.9.jar:libraries/com/google/guava/failureaccess/1.0.1/failureaccess-1.0.1.jar:libraries/com/google/guava/guava/31.0.1-jre/guava-31.0.1-jre.jar
java_command: cpw.mods.bootstraplauncher.BootstrapLauncher --launchTarget forgeserver --fml.forgeVersion 43.3.0 --fml.mcVersion 1.19.2 --fml.forgeGroup net.minecraftforge --fml.mcpVersion 20220805.130853
java_class_path (initial): .
Launcher Type: SUN_STANDARD

[Global flags]
     intx CICompilerCount                          = 2                                         {product} {ergonomic}
     uint ConcGCThreads                            = 1                                         {product} {ergonomic}
     uint G1ConcRefinementThreads                  = 2                                         {product} {ergonomic}
   size_t G1HeapRegionSize                         = 2097152                                   {product} {ergonomic}
    uintx GCDrainStackTargetSize                   = 64                                        {product} {ergonomic}
   size_t InitialHeapSize                          = 4294967296                                {product} {command line}
   size_t MarkStackSize                            = 4194304                                   {product} {ergonomic}
   size_t MaxHeapSize                              = 4294967296                                {product} {command line}
   size_t MinHeapDeltaBytes                        = 2097152                                   {product} {ergonomic}
   size_t MinHeapSize                              = 4294967296                                {product} {command line}
    uintx NonNMethodCodeHeapSize                   = 5826188                                {pd product} {ergonomic}
    uintx NonProfiledCodeHeapSize                  = 122916026                              {pd product} {ergonomic}
    uintx ProfiledCodeHeapSize                     = 122916026                              {pd product} {ergonomic}
    uintx ReservedCodeCacheSize                    = 251658240                              {pd product} {ergonomic}
     bool SegmentedCodeCache                       = true                                      {product} {ergonomic}
   size_t SoftMaxHeapSize                          = 4294967296                             {manageable} {ergonomic}
     bool UseCompressedClassPointers               = true                           {product lp64_product} {ergonomic}
     bool UseCompressedOops                        = true                           {product lp64_product} {ergonomic}
     bool UseG1GC                                  = true                                      {product} {ergonomic}

Logging:
Log output configuration:
 #0: stdout all=warning uptime,level,tags
 #1: stderr all=off uptime,level,tags

Environment Variables:
PATH=/usr/local/sbin:/usr/local/bin:/usr/sbin:/usr/bin:/sbin:/bin:/usr/games:/usr/local/games:/snap/bin
SHELL=/bin/bash
LANG=C.UTF-8
TERM=xterm-256color

Active Locale:
LC_ALL=C
LC_COLLATE=C
LC_CTYPE=C
LC_MESSAGES=C
LC_MONETARY=C
LC_NUMERIC=C
LC_TIME=C

Signal Handlers:
   SIGSEGV: crash_handler in libjvm.so, mask=11100100010111111101111111111110, flags=SA_RESTART|SA_SIGINFO, unblocked
    SIGBUS: crash_handler in libjvm.so, mask=11100100010111111101111111111110, flags=SA_RESTART|SA_SIGINFO, unblocked
    SIGFPE: crash_handler in libjvm.so, mask=11100100010111111101111111111110, flags=SA_RESTART|SA_SIGINFO, unblocked
   SIGPIPE: javaSignalHandler in libjvm.so, mask=11100100010111111101111111111110, flags=SA_RESTART|SA_SIGINFO, blocked
   SIGXFSZ: javaSignalHandler in libjvm.so, mask=11100100010111111101111111111110, flags=SA_RESTART|SA_SIGINFO, blocked
    SIGILL: crash_handler in libjvm.so, mask=11100100010111111101111111111110, flags=SA_RESTART|SA_SIGINFO, unblocked
   SIGUSR2: SR_handler in libjvm.so, mask=00000000000000000000000000000000, flags=SA_RESTART|SA_SIGINFO, blocked
    SIGHUP: SIG_DFL, mask=00000000000000000000000000000000, flags=none, blocked
    SIGINT: SIG_DFL, mask=00000000000000000000000000000000, flags=none, blocked
   SIGTERM: SIG_DFL, mask=00000000000000000000000000000000, flags=none, blocked
   SIGQUIT: UserHandler in libjvm.so, mask=11100100010111111101111111111110, flags=SA_RESTART|SA_SIGINFO, blocked
   SIGTRAP: crash_handler in libjvm.so, mask=11100100010111111101111111111110, flags=SA_RESTART|SA_SIGINFO, unblocked


Periodic native trim disabled


---------------  S Y S T E M  ---------------

OS:
DISTRIB_ID=Ubuntu
DISTRIB_RELEASE=20.04
DISTRIB_CODENAME=focal
DISTRIB_DESCRIPTION="Ubuntu 20.04.6 LTS"
uname: Linux 5.15.0-1054-azure #62~20.04.1-Ubuntu SMP Wed Jan 17 12:22:56 UTC 2024 x86_64
OS uptime: 0 days 17:45 hours
libc: glibc 2.31 NPTL 2.31 
rlimit (soft/hard): STACK 8192k/infinity , CORE 0k/infinity , NPROC 15618/15618 , NOFILE 1048576/1048576 , AS infinity/infinity , CPU infinity/infinity , DATA infinity/infinity , FSIZE infinity/infinity , MEMLOCK 65536k/65536k
load average: 0.21 0.23 0.20

/proc/meminfo:
MemTotal:        4007284 kB
MemFree:         2702128 kB
MemAvailable:    3405940 kB
Buffers:           72140 kB
Cached:           820928 kB
SwapCached:            0 kB
Active:           457700 kB
Inactive:         616860 kB
Active(anon):        936 kB
Inactive(anon):   192852 kB
Active(file):     456764 kB
Inactive(file):   424008 kB
Unevictable:       21608 kB
Mlocked:           18536 kB
SwapTotal:             0 kB
SwapFree:              0 kB
Dirty:               148 kB
Writeback:             0 kB
AnonPages:        191180 kB
Mapped:            87980 kB
Shmem:              4088 kB
KReclaimable:      71256 kB
Slab:             113428 kB
SReclaimable:      71256 kB
SUnreclaim:        42172 kB
KernelStack:        2592 kB
PageTables:         3048 kB
NFS_Unstable:          0 kB
Bounce:                0 kB
WritebackTmp:          0 kB
CommitLimit:     2003640 kB
Committed_AS:     690268 kB
VmallocTotal:   34359738367 kB
VmallocUsed:       31032 kB
VmallocChunk:          0 kB
Percpu:             1824 kB
HardwareCorrupted:     0 kB
AnonHugePages:     86016 kB
ShmemHugePages:        0 kB
ShmemPmdMapped:        0 kB
FileHugePages:         0 kB
FilePmdMapped:         0 kB
HugePages_Total:       0
HugePages_Free:        0
HugePages_Rsvd:        0
HugePages_Surp:        0
Hugepagesize:       2048 kB
Hugetlb:               0 kB
DirectMap4k:      142600 kB
DirectMap2M:     3002368 kB
DirectMap1G:     3145728 kB

/sys/kernel/mm/transparent_hugepage/enabled: [always] madvise never
/sys/kernel/mm/transparent_hugepage/defrag (defrag/compaction efforts parameter): always defer defer+madvise [madvise] never

Process Memory:
Virtual Size: 863116K (peak: 5053420K)
Resident Set Size: 19260K (peak: 19260K) (anon: 6132K, file: 13128K, shmem: 0K)
Swapped out: 0K
C-Heap outstanding allocations: 8979K, retained: 524K
glibc malloc tunables: (default)

/proc/sys/kernel/threads-max (system-wide limit on the number of threads): 31236
/proc/sys/vm/max_map_count (maximum number of memory map areas a process may have): 65530
/proc/sys/kernel/pid_max (system-wide limit on number of process identifiers): 4194304

container (cgroup) information:
container_type: cgroupv1
cpu_cpuset_cpus: 0-1
cpu_memory_nodes: 0
active_processor_count: 2
cpu_quota: no quota
cpu_period: 100000
cpu_shares: no shares
memory_limit_in_bytes: unlimited
memory_and_swap_limit_in_bytes: unlimited
memory_soft_limit_in_bytes: unlimited
memory_usage_in_bytes: 208488 k
memory_max_usage_in_bytes: 3013176 k
kernel_memory_usage_in_bytes: 6572 k
kernel_memory_max_usage_in_bytes: unlimited
kernel_memory_limit_in_bytes: 12032 k
maximum number of tasks: unlimited
current number of tasks: 9

Hyper-V virtualization detected
Steal ticks since vm start: 0
Steal ticks percentage since vm start:  0.000

CPU: total 2 (initial active 2) (2 cores per cpu, 1 threads per core) family 6 model 79 stepping 1 microcode 0xffffffff, cx8, cmov, fxsr, mmx, 3dnowpref, sse, sse2, sse3, ssse3, sse4.1, sse4.2, popcnt, lzcnt, tsc, avx, avx2, aes, erms, clmul, bmi1, bmi2, rtm, adx, fma, vzeroupper, clflush, hv
CPU Model and flags from /proc/cpuinfo:
model name	: Intel(R) Xeon(R) CPU E5-2673 v4 @ 2.30GHz
flags		: fpu vme de pse tsc msr pae mce cx8 apic sep mtrr pge mca cmov pat pse36 clflush mmx fxsr sse sse2 ss ht syscall nx pdpe1gb rdtscp lm constant_tsc rep_good nopl xtopology cpuid pni pclmulqdq ssse3 fma cx16 pcid sse4_1 sse4_2 movbe popcnt aes xsave avx f16c rdrand hypervisor lahf_lm abm 3dnowprefetch invpcid_single pti fsgsbase bmi1 hle avx2 smep bmi2 erms invpcid rtm rdseed adx smap xsaveopt md_clear

Online cpus: 0-1
Offline cpus: 
BIOS frequency limitation: <Not Available>
Frequency switch latency (ns): <Not Available>
Available cpu frequencies: <Not Available>
Current governor: <Not Available>
Core performance/turbo boost: <Not Available>

Memory: 4k page, physical 4007284k(2702128k free), swap 0k(0k free)
Page Sizes: 4k

vm_info: OpenJDK 64-Bit Server VM (17.0.9+9-Ubuntu-120.04) for linux-amd64 JRE (17.0.9+9-Ubuntu-120.04), built on Oct 19 2023 08:32:34 by "buildd" with gcc 9.4.0

END.
